xilinx rtfpga
WARNING: [Synth 8-3936] Found unconnected internal register 'T_824_br_pc_reg' and it is trimmed from '39' to '2' bits. [/home/golden/study/freedom/builds/u500vc707devkit/sifive.freedom.unleashed.u500vc707devkit.U500VC707DevKitConfig.v:378610]
WARNING: [Synth 8-3917] design RocketTile__GB1 has port io_uncached_0_b_ready driven by constant 1
WARNING: [Synth 8-3917] design RocketTile__GB1 has port io_uncached_0_c_valid driven by constant 0
WARNING: [Synth 8-3917] design RocketTile__GB1 has port io_uncached_0_e_valid driven by constant 0
INFO: [Synth 8-3886] merging instance 'l1tol2_TLHintHandler/Queue_39_1/ram_param_reg[1]' (FDE) to 'l1tol2_TLHintHandler/Queue_39_1/ram_data_reg[32]'
INFO: [Synth 8-3886] merging instance 'l1tol2_TLHintHandler/Queue_39_1/ram_param_reg[0]' (FDE) to 'l1tol2_TLHintHandler/Queue_39_1/ram_data_reg[32]'
INFO: [Synth 8-3886] merging instance 'l1tol2_TLHintHandler/Queue_39_1/ram_source_reg[1]' (FDE) to 'l1tol2_TLHintHandler/Queue_39_1/ram_data_reg[32]'
INFO: [Synth 8-3886] merging instance 'l1tol2_TLHintHandler/Queue_39_1/ram_source_reg[0]' (FDE) to 'l1tol2_TLHintHandler/Queue_39_1/ram_data_reg[32]'
INFO: [Synth 8-3886] merging instance 'l1tol2_TLHintHandler/Queue_39_1/ram_addr_lo_reg[2]' (FDE) to 'l1tol2_TLHintHandler/Queue_39_1/ram_data_reg[32]'
INFO: [Synth 8-3886] merging instance 'l1tol2_TLHintHandler/Queue_39_1/ram_addr_lo_reg[1]' (FDE) to 'l1tol2_TLHintHandler/Queue_39_1/ram_data_reg[32]'
INFO: [Synth 8-3886] merging instance 'l1tol2_TLHintHandler/Queue_39_1/ram_addr_lo_reg[0]' (FDE) to 'l1tol2_TLHintHandler/Queue_39_1/ram_data_reg[32]'
INFO: [Synth 8-3886] merging instance 'l1tol2_TLHintHandler/Queue_39_1/ram_error_reg[0]' (FDE) to 'l1tol2_TLHintHandler/Queue_39_1/ram_data_reg[32]'
INFO: [Synth 8-3886] merging instance 'l1tol2_TLHintHandler/Queue_39_1/ram_data_reg[32]' (FDE) to 'l1tol2_TLHintHandler/Queue_39_1/ram_data_reg[0]'
INFO: [Synth 8-3886] merging instance 'l1tol2_TLHintHandler/Queue_39_1/ram_sink_reg[0]' (FDE) to 'l1tol2_TLHintHandler/Queue_39_1/ram_data_reg[0]'
INFO: [Synth 8-3886] merging instance 'l1tol2_TLHintHandler/Queue_39_1/ram_sink_reg[1]' (FDE) to 'l1tol2_TLHintHandler/Queue_39_1/ram_data_reg[0]'
INFO: [Synth 8-3886] merging instance 'l1tol2_TLHintHandler/Queue_39_1/ram_sink_reg[2]' (FDE) to 'l1tol2_TLHintHandler/Queue_39_1/ram_data_reg[0]'
INFO: [Synth 8-3886] merging instance 'l1tol2_TLHintHandler/Queue_39_1/ram_sink_reg[3]' (FDE) to 'l1tol2_TLHintHandler/Queue_39_1/ram_data_reg[0]'
INFO: [Synth 8-3886] merging instance 'l1tol2_TLHintHandler/Queue_39_1/ram_size_reg[0]' (FDE) to 'l1tol2_TLHintHandler/Queue_39_1/ram_data_reg[0]'
INFO: [Synth 8-3886] merging instance 'l1tol2_TLHintHandler/Queue_39_1/ram_size_reg[3]' (FDE) to 'l1tol2_TLHintHandler/Queue_39_1/ram_data_reg[0]'
INFO: [Synth 8-3886] merging instance 'l1tol2_TLHintHandler/Queue_39_1/ram_opcode_reg[0]' (FDE) to 'l1tol2_TLHintHandler/Queue_39_1/ram_data_reg[0]'
INFO: [Synth 8-3886] merging instance 'l1tol2_TLHintHandler/Queue_39_1/ram_opcode_reg[2]' (FDE) to 'l1tol2_TLHintHandler/Queue_39_1/ram_data_reg[0]'
INFO: [Synth 8-3886] merging instance 'l1tol2_TLHintHandler/Queue_39_1/ram_data_reg[33]' (FDE) to 'l1tol2_TLHintHandler/Queue_39_1/ram_data_reg[0]'
INFO: [Synth 8-3886] merging instance 'l1tol2_TLHintHandler/Queue_39_1/ram_data_reg[34]' (FDE) to 'l1tol2_TLHintHandler/Queue_39_1/ram_data_reg[0]'
INFO: [Synth 8-3886] merging instance 'l1tol2_TLHintHandler/Queue_39_1/ram_data_reg[35]' (FDE) to 'l1tol2_TLHintHandler/Queue_39_1/ram_data_reg[0]'
INFO: [Synth 8-3886] merging instance 'l1tol2_TLHintHandler/Queue_39_1/ram_data_reg[36]' (FDE) to 'l1tol2_TLHintHandler/Queue_39_1/ram_data_reg[0]'
INFO: [Synth 8-3886] merging instance 'l1tol2_TLHintHandler/Queue_39_1/ram_data_reg[37]' (FDE) to 'l1tol2_TLHintHandler/Queue_39_1/ram_data_reg[0]'
INFO: [Synth 8-3886] merging instance 'l1tol2_TLHintHandler/Queue_39_1/ram_data_reg[38]' (FDE) to 'l1tol2_TLHintHandler/Queue_39_1/ram_data_reg[0]'
INFO: [Synth 8-3886] merging instance 'l1tol2_TLHintHandler/Queue_39_1/ram_data_reg[39]' (FDE) to 'l1tol2_TLHintHandler/Queue_39_1/ram_data_reg[0]'
INFO: [Synth 8-3886] merging instance 'l1tol2_TLHintHandler/Queue_39_1/ram_data_reg[40]' (FDE) to 'l1tol2_TLHintHandler/Queue_39_1/ram_data_reg[0]'
INFO: [Synth 8-3886] merging instance 'l1tol2_TLHintHandler/Queue_39_1/ram_data_reg[41]' (FDE) to 'l1tol2_TLHintHandler/Queue_39_1/ram_data_reg[0]'
INFO: [Synth 8-3886] merging instance 'l1tol2_TLHintHandler/Queue_39_1/ram_data_reg[42]' (FDE) to 'l1tol2_TLHintHandler/Queue_39_1/ram_data_reg[0]'
INFO: [Synth 8-3886] merging instance 'l1tol2_TLHintHandler/Queue_39_1/ram_data_reg[43]' (FDE) to 'l1tol2_TLHintHandler/Queue_39_1/ram_data_reg[0]'
INFO: [Synth 8-3886] merging instance 'l1tol2_TLHintHandler/Queue_39_1/ram_data_reg[44]' (FDE) to 'l1tol2_TLHintHandler/Queue_39_1/ram_data_reg[0]'
INFO: [Synth 8-3886] merging instance 'l1tol2_TLHintHandler/Queue_39_1/ram_data_reg[45]' (FDE) to 'l1tol2_TLHintHandler/Queue_39_1/ram_data_reg[0]'
INFO: [Synth 8-3886] merging instance 'l1tol2_TLHintHandler/Queue_39_1/ram_data_reg[46]' (FDE) to 'l1tol2_TLHintHandler/Queue_39_1/ram_data_reg[0]'
INFO: [Synth 8-3886] merging instance 'l1tol2_TLHintHandler/Queue_39_1/ram_data_reg[47]' (FDE) to 'l1tol2_TLHintHandler/Queue_39_1/ram_data_reg[0]'
INFO: [Synth 8-3886] merging instance 'l1tol2_TLHintHandler/Queue_39_1/ram_data_reg[48]' (FDE) to 'l1tol2_TLHintHandler/Queue_39_1/ram_data_reg[0]'
INFO: [Synth 8-3886] merging instance 'l1tol2_TLHintHandler/Queue_39_1/ram_data_reg[49]' (FDE) to 'l1tol2_TLHintHandler/Queue_39_1/ram_data_reg[0]'
INFO: [Synth 8-3886] merging instance 'l1tol2_TLHintHandler/Queue_39_1/ram_data_reg[50]' (FDE) to 'l1tol2_TLHintHandler/Queue_39_1/ram_data_reg[0]'
INFO: [Synth 8-3886] merging instance 'l1tol2_TLHintHandler/Queue_39_1/ram_data_reg[51]' (FDE) to 'l1tol2_TLHintHandler/Queue_39_1/ram_data_reg[0]'
INFO: [Synth 8-3886] merging instance 'l1tol2_TLHintHandler/Queue_39_1/ram_data_reg[52]' (FDE) to 'l1tol2_TLHintHandler/Queue_39_1/ram_data_reg[0]'
INFO: [Synth 8-3886] merging instance 'l1tol2_TLHintHandler/Queue_39_1/ram_data_reg[53]' (FDE) to 'l1tol2_TLHintHandler/Queue_39_1/ram_data_reg[0]'
INFO: [Synth 8-3886] merging instance 'l1tol2_TLHintHandler/Queue_39_1/ram_data_reg[54]' (FDE) to 'l1tol2_TLHintHandler/Queue_39_1/ram_data_reg[0]'
INFO: [Synth 8-3886] merging instance 'l1tol2_TLHintHandler/Queue_39_1/ram_data_reg[55]' (FDE) to 'l1tol2_TLHintHandler/Queue_39_1/ram_data_reg[0]'
INFO: [Synth 8-3886] merging instance 'l1tol2_TLHintHandler/Queue_39_1/ram_data_reg[56]' (FDE) to 'l1tol2_TLHintHandler/Queue_39_1/ram_data_reg[0]'
INFO: [Synth 8-3886] merging instance 'l1tol2_TLHintHandler/Queue_39_1/ram_data_reg[57]' (FDE) to 'l1tol2_TLHintHandler/Queue_39_1/ram_data_reg[0]'
INFO: [Synth 8-3886] merging instance 'l1tol2_TLHintHandler/Queue_39_1/ram_data_reg[58]' (FDE) to 'l1tol2_TLHintHandler/Queue_39_1/ram_data_reg[0]'
INFO: [Synth 8-3886] merging instance 'l1tol2_TLHintHandler/Queue_39_1/ram_data_reg[59]' (FDE) to 'l1tol2_TLHintHandler/Queue_39_1/ram_data_reg[0]'
INFO: [Synth 8-3886] merging instance 'l1tol2_TLHintHandler/Queue_39_1/ram_data_reg[60]' (FDE) to 'l1tol2_TLHintHandler/Queue_39_1/ram_data_reg[0]'
INFO: [Synth 8-3886] merging instance 'l1tol2_TLHintHandler/Queue_39_1/ram_data_reg[61]' (FDE) to 'l1tol2_TLHintHandler/Queue_39_1/ram_data_reg[0]'
INFO: [Synth 8-3886] merging instance 'l1tol2_TLHintHandler/Queue_39_1/ram_data_reg[62]' (FDE) to 'l1tol2_TLHintHandler/Queue_39_1/ram_data_reg[0]'
INFO: [Synth 8-3886] merging instance 'l1tol2_TLHintHandler/Queue_39_1/ram_data_reg[63]' (FDE) to 'l1tol2_TLHintHandler/Queue_39_1/ram_data_reg[0]'
INFO: [Synth 8-3886] merging instance 'l1tol2_TLHintHandler/Queue_39_1/ram_data_reg[0]' (FDE) to 'l1tol2_TLHintHandler/Queue_39_1/ram_data_reg[1]'
INFO: [Synth 8-3886] merging instance 'l1tol2_TLHintHandler/Queue_39_1/ram_data_reg[1]' (FDE) to 'l1tol2_TLHintHandler/Queue_39_1/ram_data_reg[2]'
INFO: [Synth 8-3886] merging instance 'l1tol2_TLHintHandler/Queue_39_1/ram_data_reg[2]' (FDE) to 'l1tol2_TLHintHandler/Queue_39_1/ram_data_reg[3]'
INFO: [Synth 8-3886] merging instance 'l1tol2_TLHintHandler/Queue_39_1/ram_data_reg[3]' (FDE) to 'l1tol2_TLHintHandler/Queue_39_1/ram_data_reg[4]'
INFO: [Synth 8-3886] merging instance 'l1tol2_TLHintHandler/Queue_39_1/ram_data_reg[4]' (FDE) to 'l1tol2_TLHintHandler/Queue_39_1/ram_data_reg[5]'
INFO: [Synth 8-3886] merging instance 'l1tol2_TLHintHandler/Queue_39_1/ram_data_reg[5]' (FDE) to 'l1tol2_TLHintHandler/Queue_39_1/ram_data_reg[6]'
INFO: [Synth 8-3886] merging instance 'l1tol2_TLHintHandler/Queue_39_1/ram_data_reg[6]' (FDE) to 'l1tol2_TLHintHandler/Queue_39_1/ram_data_reg[7]'
INFO: [Synth 8-3886] merging instance 'l1tol2_TLHintHandler/Queue_39_1/ram_data_reg[7]' (FDE) to 'l1tol2_TLHintHandler/Queue_39_1/ram_data_reg[8]'
INFO: [Synth 8-3886] merging instance 'l1tol2_TLHintHandler/Queue_39_1/ram_data_reg[8]' (FDE) to 'l1tol2_TLHintHandler/Queue_39_1/ram_data_reg[9]'
INFO: [Synth 8-3886] merging instance 'l1tol2_TLHintHandler/Queue_39_1/ram_data_reg[9]' (FDE) to 'l1tol2_TLHintHandler/Queue_39_1/ram_data_reg[10]'
INFO: [Synth 8-3886] merging instance 'l1tol2_TLHintHandler/Queue_39_1/ram_data_reg[10]' (FDE) to 'l1tol2_TLHintHandler/Queue_39_1/ram_data_reg[11]'
INFO: [Synth 8-3886] merging instance 'l1tol2_TLHintHandler/Queue_39_1/ram_data_reg[11]' (FDE) to 'l1tol2_TLHintHandler/Queue_39_1/ram_data_reg[12]'
INFO: [Synth 8-3886] merging instance 'l1tol2_TLHintHandler/Queue_39_1/ram_data_reg[12]' (FDE) to 'l1tol2_TLHintHandler/Queue_39_1/ram_data_reg[13]'
INFO: [Synth 8-3886] merging instance 'l1tol2_TLHintHandler/Queue_39_1/ram_data_reg[13]' (FDE) to 'l1tol2_TLHintHandler/Queue_39_1/ram_data_reg[14]'
INFO: [Synth 8-3886] merging instance 'l1tol2_TLHintHandler/Queue_39_1/ram_data_reg[14]' (FDE) to 'l1tol2_TLHintHandler/Queue_39_1/ram_data_reg[15]'
INFO: [Synth 8-3886] merging instance 'l1tol2_TLHintHandler/Queue_39_1/ram_data_reg[15]' (FDE) to 'l1tol2_TLHintHandler/Queue_39_1/ram_data_reg[16]'
INFO: [Synth 8-3886] merging instance 'l1tol2_TLHintHandler/Queue_39_1/ram_data_reg[16]' (FDE) to 'l1tol2_TLHintHandler/Queue_39_1/ram_data_reg[17]'
INFO: [Synth 8-3886] merging instance 'l1tol2_TLHintHandler/Queue_39_1/ram_data_reg[17]' (FDE) to 'l1tol2_TLHintHandler/Queue_39_1/ram_data_reg[18]'
INFO: [Synth 8-3886] merging instance 'l1tol2_TLHintHandler/Queue_39_1/ram_data_reg[18]' (FDE) to 'l1tol2_TLHintHandler/Queue_39_1/ram_data_reg[19]'
INFO: [Synth 8-3886] merging instance 'l1tol2_TLHintHandler/Queue_39_1/ram_data_reg[19]' (FDE) to 'l1tol2_TLHintHandler/Queue_39_1/ram_data_reg[20]'
INFO: [Synth 8-3886] merging instance 'l1tol2_TLHintHandler/Queue_39_1/ram_data_reg[20]' (FDE) to 'l1tol2_TLHintHandler/Queue_39_1/ram_data_reg[21]'
INFO: [Synth 8-3886] merging instance 'l1tol2_TLHintHandler/Queue_39_1/ram_data_reg[21]' (FDE) to 'l1tol2_TLHintHandler/Queue_39_1/ram_data_reg[22]'
INFO: [Synth 8-3886] merging instance 'l1tol2_TLHintHandler/Queue_39_1/ram_data_reg[22]' (FDE) to 'l1tol2_TLHintHandler/Queue_39_1/ram_data_reg[23]'
INFO: [Synth 8-3886] merging instance 'l1tol2_TLHintHandler/Queue_39_1/ram_data_reg[23]' (FDE) to 'l1tol2_TLHintHandler/Queue_39_1/ram_data_reg[24]'
INFO: [Synth 8-3886] merging instance 'l1tol2_TLHintHandler/Queue_39_1/ram_data_reg[24]' (FDE) to 'l1tol2_TLHintHandler/Queue_39_1/ram_data_reg[25]'
INFO: [Synth 8-3886] merging instance 'l1tol2_TLHintHandler/Queue_39_1/ram_data_reg[25]' (FDE) to 'l1tol2_TLHintHandler/Queue_39_1/ram_data_reg[26]'
INFO: [Synth 8-3886] merging instance 'l1tol2_TLHintHandler/Queue_39_1/ram_data_reg[26]' (FDE) to 'l1tol2_TLHintHandler/Queue_39_1/ram_data_reg[27]'
INFO: [Synth 8-3886] merging instance 'l1tol2_TLHintHandler/Queue_39_1/ram_data_reg[27]' (FDE) to 'l1tol2_TLHintHandler/Queue_39_1/ram_data_reg[28]'
INFO: [Synth 8-3886] merging instance 'l1tol2_TLHintHandler/Queue_39_1/ram_data_reg[28]' (FDE) to 'l1tol2_TLHintHandler/Queue_39_1/ram_data_reg[29]'
INFO: [Common 17-14] Message 'Synth 8-3886' appears 100 times and further instances of the messages will be disabled. Use the Tcl command set_msg_config to change the current settings.
INFO: [Synth 8-3333] propagating constant 0 across sequential element (\l1tol2_TLHintHandler/Queue_39_1/maybe_full_reg )
INFO: [Synth 8-3333] propagating constant 0 across sequential element (\l1tol2_TLHintHandler/Queue_39_1/ram_data_reg[31] )
INFO: [Synth 8-3333] propagating constant 1 across sequential element (icache/\tlb/r_req_instruction_reg )
INFO: [Synth 8-3333] propagating constant 0 across sequential element (icache/\tlb/r_req_store_reg )
INFO: [Synth 8-3333] propagating constant 1 across sequential element (icache/\s2_btb_resp_bits_mask_reg[0] )
