xilinx rtfpga
WARNING: [Synth 8-3917] design U500VC707DevKitSystem__GC0 has port l2_io_in_0_b_valid driven by constant 0
WARNING: [Synth 8-3917] design U500VC707DevKitSystem__GC0 has port l2_io_out_0_c_valid driven by constant 0
WARNING: [Synth 8-3917] design U500VC707DevKitSystem__GC0 has port l2_io_out_0_e_valid driven by constant 0
WARNING: [Synth 8-3917] design U500VC707DevKitSystem__GC0 has port xilinxvc707pcie_io_slave_in_0_b_ready driven by constant 1
WARNING: [Synth 8-3917] design U500VC707DevKitSystem__GC0 has port xilinxvc707pcie_io_slave_in_0_c_valid driven by constant 0
WARNING: [Synth 8-3917] design U500VC707DevKitSystem__GC0 has port xilinxvc707pcie_io_slave_in_0_e_valid driven by constant 0
WARNING: [Synth 8-3331] design TLWidthWidget_axi_to_pcie_x1_1 has unconnected port io_in_0_b_bits_opcode[2]
WARNING: [Synth 8-3331] design TLWidthWidget_axi_to_pcie_x1_1 has unconnected port io_in_0_b_bits_opcode[1]
WARNING: [Synth 8-3331] design TLWidthWidget_axi_to_pcie_x1_1 has unconnected port io_in_0_b_bits_opcode[0]
WARNING: [Synth 8-3331] design TLWidthWidget_axi_to_pcie_x1_1 has unconnected port io_in_0_b_bits_param[1]
WARNING: [Synth 8-3331] design TLWidthWidget_axi_to_pcie_x1_1 has unconnected port io_in_0_b_bits_param[0]
WARNING: [Synth 8-3331] design TLWidthWidget_axi_to_pcie_x1_1 has unconnected port io_in_0_b_bits_size[3]
WARNING: [Synth 8-3331] design TLWidthWidget_axi_to_pcie_x1_1 has unconnected port io_in_0_b_bits_size[2]
WARNING: [Synth 8-3331] design TLWidthWidget_axi_to_pcie_x1_1 has unconnected port io_in_0_b_bits_size[1]
WARNING: [Synth 8-3331] design TLWidthWidget_axi_to_pcie_x1_1 has unconnected port io_in_0_b_bits_size[0]
WARNING: [Synth 8-3331] design TLWidthWidget_axi_to_pcie_x1_1 has unconnected port io_in_0_b_bits_source[3]
WARNING: [Synth 8-3331] design TLWidthWidget_axi_to_pcie_x1_1 has unconnected port io_in_0_b_bits_source[2]
WARNING: [Synth 8-3331] design TLWidthWidget_axi_to_pcie_x1_1 has unconnected port io_in_0_b_bits_source[1]
WARNING: [Synth 8-3331] design TLWidthWidget_axi_to_pcie_x1_1 has unconnected port io_in_0_b_bits_source[0]
WARNING: [Synth 8-3331] design TLWidthWidget_axi_to_pcie_x1_1 has unconnected port io_in_0_b_bits_address[30]
WARNING: [Synth 8-3331] design TLWidthWidget_axi_to_pcie_x1_1 has unconnected port io_in_0_b_bits_address[29]
WARNING: [Synth 8-3331] design TLWidthWidget_axi_to_pcie_x1_1 has unconnected port io_in_0_b_bits_address[28]
WARNING: [Synth 8-3331] design TLWidthWidget_axi_to_pcie_x1_1 has unconnected port io_in_0_b_bits_address[27]
WARNING: [Synth 8-3331] design TLWidthWidget_axi_to_pcie_x1_1 has unconnected port io_in_0_b_bits_address[26]
WARNING: [Synth 8-3331] design TLWidthWidget_axi_to_pcie_x1_1 has unconnected port io_in_0_b_bits_address[25]
WARNING: [Synth 8-3331] design TLWidthWidget_axi_to_pcie_x1_1 has unconnected port io_in_0_b_bits_address[24]
WARNING: [Synth 8-3331] design TLWidthWidget_axi_to_pcie_x1_1 has unconnected port io_in_0_b_bits_address[23]
WARNING: [Synth 8-3331] design TLWidthWidget_axi_to_pcie_x1_1 has unconnected port io_in_0_b_bits_address[22]
WARNING: [Synth 8-3331] design TLWidthWidget_axi_to_pcie_x1_1 has unconnected port io_in_0_b_bits_address[21]
WARNING: [Synth 8-3331] design TLWidthWidget_axi_to_pcie_x1_1 has unconnected port io_in_0_b_bits_address[20]
INFO: [Common 17-14] Message 'Synth 8-3331' appears 100 times and further instances of the messages will be disabled. Use the Tcl command set_msg_config to change the current settings.
INFO: [Synth 8-3333] propagating constant 0 across sequential element (peripheryBus_TLAtomicAutomata/\T_1463_0_lut_reg[0] )
INFO: [Synth 8-3333] propagating constant 0 across sequential element (spi0_TLFragmenter/r_error_reg)
INFO: [Synth 8-3333] propagating constant 0 across sequential element (uart0_TLFragmenter/r_error_reg)
INFO: [Synth 8-3333] propagating constant 0 across sequential element (gpio_TLFragmenter/r_error_reg)
INFO: [Synth 8-3333] propagating constant 0 across sequential element (bootrom_TLFragmenter/r_error_reg)
WARNING: [Synth 8-3332] Sequential element (T_1463_0_lut_reg[0]) is unused and will be removed from module TLAtomicAutomata_peripheryBus.
WARNING: [Synth 8-3332] Sequential element (T_1463_0_bits_address_reg[30]) is unused and will be removed from module TLAtomicAutomata_peripheryBus.
WARNING: [Synth 8-3332] Sequential element (T_1463_0_bits_address_reg[29]) is unused and will be removed from module TLAtomicAutomata_peripheryBus.
WARNING: [Synth 8-3332] Sequential element (T_1463_0_bits_address_reg[28]) is unused and will be removed from module TLAtomicAutomata_peripheryBus.
WARNING: [Synth 8-3332] Sequential element (T_1463_0_bits_address_reg[27]) is unused and will be removed from module TLAtomicAutomata_peripheryBus.
WARNING: [Synth 8-3332] Sequential element (T_1463_0_bits_address_reg[25]) is unused and will be removed from module TLAtomicAutomata_peripheryBus.
WARNING: [Synth 8-3332] Sequential element (T_1463_0_bits_address_reg[24]) is unused and will be removed from module TLAtomicAutomata_peripheryBus.
WARNING: [Synth 8-3332] Sequential element (T_1463_0_bits_address_reg[23]) is unused and will be removed from module TLAtomicAutomata_peripheryBus.
WARNING: [Synth 8-3332] Sequential element (T_1463_0_bits_address_reg[22]) is unused and will be removed from module TLAtomicAutomata_peripheryBus.
WARNING: [Synth 8-3332] Sequential element (T_1463_0_bits_address_reg[21]) is unused and will be removed from module TLAtomicAutomata_peripheryBus.
WARNING: [Synth 8-3332] Sequential element (T_1463_0_bits_address_reg[20]) is unused and will be removed from module TLAtomicAutomata_peripheryBus.
WARNING: [Synth 8-3332] Sequential element (T_1463_0_bits_address_reg[19]) is unused and will be removed from module TLAtomicAutomata_peripheryBus.
WARNING: [Synth 8-3332] Sequential element (T_1463_0_bits_address_reg[18]) is unused and will be removed from module TLAtomicAutomata_peripheryBus.
WARNING: [Synth 8-3332] Sequential element (T_1463_0_bits_address_reg[17]) is unused and will be removed from module TLAtomicAutomata_peripheryBus.
WARNING: [Synth 8-3332] Sequential element (T_1463_0_bits_address_reg[16]) is unused and will be removed from module TLAtomicAutomata_peripheryBus.
WARNING: [Synth 8-3332] Sequential element (T_1463_0_bits_address_reg[15]) is unused and will be removed from module TLAtomicAutomata_peripheryBus.
WARNING: [Synth 8-3332] Sequential element (T_1463_0_bits_address_reg[14]) is unused and will be removed from module TLAtomicAutomata_peripheryBus.
WARNING: [Synth 8-3332] Sequential element (Repeater_1/saved_param_reg[2]) is unused and will be removed from module TLWidthWidget_peripheryBus.
WARNING: [Synth 8-3332] Sequential element (Repeater_1/saved_param_reg[1]) is unused and will be removed from module TLWidthWidget_peripheryBus.
WARNING: [Synth 8-3332] Sequential element (Repeater_1/saved_param_reg[0]) is unused and will be removed from module TLWidthWidget_peripheryBus.
WARNING: [Synth 8-3332] Sequential element (Repeater_1/saved_address_reg[30]) is unused and will be removed from module TLWidthWidget_peripheryBus.
WARNING: [Synth 8-3332] Sequential element (Repeater_1/saved_address_reg[29]) is unused and will be removed from module TLWidthWidget_peripheryBus.
WARNING: [Synth 8-3332] Sequential element (Repeater_1/saved_address_reg[28]) is unused and will be removed from module TLWidthWidget_peripheryBus.
WARNING: [Synth 8-3332] Sequential element (Repeater_1/saved_address_reg[27]) is unused and will be removed from module TLWidthWidget_peripheryBus.
WARNING: [Synth 8-3332] Sequential element (Repeater_1/saved_address_reg[25]) is unused and will be removed from module TLWidthWidget_peripheryBus.
WARNING: [Synth 8-3332] Sequential element (Repeater_1/saved_address_reg[24]) is unused and will be removed from module TLWidthWidget_peripheryBus.
WARNING: [Synth 8-3332] Sequential element (Repeater_1/saved_address_reg[23]) is unused and will be removed from module TLWidthWidget_peripheryBus.
WARNING: [Synth 8-3332] Sequential element (Repeater_1/saved_address_reg[22]) is unused and will be removed from module TLWidthWidget_peripheryBus.
WARNING: [Synth 8-3332] Sequential element (Repeater_1/saved_address_reg[21]) is unused and will be removed from module TLWidthWidget_peripheryBus.
WARNING: [Synth 8-3332] Sequential element (Repeater_1/saved_address_reg[20]) is unused and will be removed from module TLWidthWidget_peripheryBus.
WARNING: [Synth 8-3332] Sequential element (Repeater_1/saved_address_reg[19]) is unused and will be removed from module TLWidthWidget_peripheryBus.
WARNING: [Synth 8-3332] Sequential element (Repeater_1/saved_address_reg[18]) is unused and will be removed from module TLWidthWidget_peripheryBus.
WARNING: [Synth 8-3332] Sequential element (Repeater_1/saved_address_reg[17]) is unused and will be removed from module TLWidthWidget_peripheryBus.
WARNING: [Synth 8-3332] Sequential element (Repeater_1/saved_address_reg[16]) is unused and will be removed from module TLWidthWidget_peripheryBus.
WARNING: [Synth 8-3332] Sequential element (Repeater_1/saved_address_reg[15]) is unused and will be removed from module TLWidthWidget_peripheryBus.
WARNING: [Synth 8-3332] Sequential element (Repeater_1/saved_address_reg[14]) is unused and will be removed from module TLWidthWidget_peripheryBus.
WARNING: [Synth 8-3332] Sequential element (Repeater_1/saved_data_reg[63]) is unused and will be removed from module TLWidthWidget_peripheryBus.
WARNING: [Synth 8-3332] Sequential element (Repeater_1/saved_data_reg[62]) is unused and will be removed from module TLWidthWidget_peripheryBus.
WARNING: [Synth 8-3332] Sequential element (Repeater_1/saved_data_reg[61]) is unused and will be removed from module TLWidthWidget_peripheryBus.
WARNING: [Synth 8-3332] Sequential element (Repeater_1/saved_data_reg[60]) is unused and will be removed from module TLWidthWidget_peripheryBus.
WARNING: [Synth 8-3332] Sequential element (Repeater_1/saved_data_reg[59]) is unused and will be removed from module TLWidthWidget_peripheryBus.
WARNING: [Synth 8-3332] Sequential element (Repeater_1/saved_data_reg[58]) is unused and will be removed from module TLWidthWidget_peripheryBus.
WARNING: [Synth 8-3332] Sequential element (Repeater_1/saved_data_reg[57]) is unused and will be removed from module TLWidthWidget_peripheryBus.
WARNING: [Synth 8-3332] Sequential element (Repeater_1/saved_data_reg[56]) is unused and will be removed from module TLWidthWidget_peripheryBus.
WARNING: [Synth 8-3332] Sequential element (Repeater_1/saved_data_reg[31]) is unused and will be removed from module TLWidthWidget_peripheryBus.
WARNING: [Synth 8-3332] Sequential element (Repeater_1/saved_data_reg[30]) is unused and will be removed from module TLWidthWidget_peripheryBus.
WARNING: [Synth 8-3332] Sequential element (Repeater_1/saved_data_reg[29]) is unused and will be removed from module TLWidthWidget_peripheryBus.
WARNING: [Synth 8-3332] Sequential element (Repeater_1/saved_data_reg[28]) is unused and will be removed from module TLWidthWidget_peripheryBus.
WARNING: [Synth 8-3332] Sequential element (Repeater_1/saved_data_reg[27]) is unused and will be removed from module TLWidthWidget_peripheryBus.
WARNING: [Synth 8-3332] Sequential element (Repeater_1/saved_data_reg[26]) is unused and will be removed from module TLWidthWidget_peripheryBus.
WARNING: [Synth 8-3332] Sequential element (Repeater_1/saved_data_reg[25]) is unused and will be removed from module TLWidthWidget_peripheryBus.
WARNING: [Synth 8-3332] Sequential element (Repeater_1/saved_data_reg[24]) is unused and will be removed from module TLWidthWidget_peripheryBus.
WARNING: [Synth 8-3332] Sequential element (repeater/saved_opcode_reg[2]) is unused and will be removed from module TLFragmenter_bootrom.
WARNING: [Synth 8-3332] Sequential element (repeater/saved_opcode_reg[1]) is unused and will be removed from module TLFragmenter_bootrom.
WARNING: [Synth 8-3332] Sequential element (repeater/saved_opcode_reg[0]) is unused and will be removed from module TLFragmenter_bootrom.
WARNING: [Synth 8-3332] Sequential element (repeater/saved_param_reg[2]) is unused and will be removed from module TLFragmenter_bootrom.
WARNING: [Synth 8-3332] Sequential element (repeater/saved_param_reg[1]) is unused and will be removed from module TLFragmenter_bootrom.
WARNING: [Synth 8-3332] Sequential element (repeater/saved_param_reg[0]) is unused and will be removed from module TLFragmenter_bootrom.
WARNING: [Synth 8-3332] Sequential element (repeater/saved_address_reg[12]) is unused and will be removed from module TLFragmenter_bootrom.
WARNING: [Synth 8-3332] Sequential element (repeater/saved_mask_reg[3]) is unused and will be removed from module TLFragmenter_bootrom.
WARNING: [Synth 8-3332] Sequential element (repeater/saved_mask_reg[2]) is unused and will be removed from module TLFragmenter_bootrom.
WARNING: [Synth 8-3332] Sequential element (repeater/saved_mask_reg[1]) is unused and will be removed from module TLFragmenter_bootrom.
WARNING: [Synth 8-3332] Sequential element (repeater/saved_mask_reg[0]) is unused and will be removed from module TLFragmenter_bootrom.
INFO: [Common 17-14] Message 'Synth 8-3332' appears 100 times and further instances of the messages will be disabled. Use the Tcl command set_msg_config to change the current settings.
